#
# A fatal error has been detected by the Java Runtime Environment:
#
#  EXCEPTION_ACCESS_VIOLATION (0xc0000005) at pc=0x0000000075e4b3e0, pid=632, tid=3748
#
# JRE version: Java(TM) SE Runtime Environment (8.0_73-b02) (build 1.8.0_73-b02)
# Java VM: Java HotSpot(TM) 64-Bit Server VM (25.73-b02 mixed mode windows-amd64 compressed oops)
# Problematic frame:
# C  [atio6axx.dll+0x13fb3e0]
#
# Failed to write core dump. Minidumps are not enabled by default on client versions of Windows
#
# If you would like to submit a bug report, please visit:
#   http://bugreport.java.com/bugreport/crash.jsp
# The crash happened outside the Java Virtual Machine in native code.
# See problematic frame for where to report the bug.
#

---------------  T H R E A D  ---------------

Current thread (0x000000001738f000):  JavaThread "Thread-3" [_thread_in_native, id=3748, stack(0x000000001ba80000,0x000000001bb80000)]

siginfo: ExceptionCode=0xc0000005, reading address 0x000000001c715000

Registers:
RAX=0x000000000000003c, RBX=0x000000001e59a290, RCX=0x000000001e7b0640, RDX=0xfffffffffdf649c0
RSP=0x000000001bb7ed78, RBP=0x00000000761dec54, RSI=0x0000000000080000, RDI=0x00000000198e4e90
R8 =0x000000000003f000, R9 =0x000000001c715000, R10=0x0000000000b3a000, R11=0x000000001e76f540
R12=0x0000000019987d20, R13=0x000000001c6d3f00, R14=0x0000000000080000, R15=0x000000001bb7eee0
RIP=0x0000000075e4b3e0, EFLAGS=0x0000000000010206

Top of Stack: (sp=0x000000001bb7ed78)
0x000000001bb7ed78:   00000000753ab2c6 000000001e59a290
0x000000001bb7ed88:   0000000000080000 000000001bb7ef00
0x000000001bb7ed98:   0000000000000000 0000000075f25174
0x000000001bb7eda8:   0000000019987d20 000000001e5ba710
0x000000001bb7edb8:   000000001d4bc1b0 0000000000000000
0x000000001bb7edc8:   0000000000000200 000000001e5ba710
0x000000001bb7edd8:   000000001bb7f0a0 000000001bb7ef70
0x000000001bb7ede8:   00000000753ab472 0000000000000001
0x000000001bb7edf8:   000000001d4bc1b0 000000001bb7f078
0x000000001bb7ee08:   0000000014346798 0000000000000001
0x000000001bb7ee18:   0000000000000000 000000000000004d
0x000000001bb7ee28:   000000001c6d3f00 000000001c6d3f00
0x000000001bb7ee38:   0000000000000001 0000000000000000
0x000000001bb7ee48:   0000000000000400 0000000000000400
0x000000001bb7ee58:   ffffffff00000000 0000000000000000
0x000000001bb7ee68:   0000000000000000 0000000000000200 

Instructions: (pc=0x0000000075e4b3e0)
0x0000000075e4b3c0:   0f 18 04 0a 0f 18 44 0a 40 48 81 c1 80 00 00 00
0x0000000075e4b3d0:   ff c8 75 ec 48 81 e9 00 10 00 00 b8 40 00 00 00
0x0000000075e4b3e0:   4c 8b 0c 0a 4c 8b 54 0a 08 4c 0f c3 09 4c 0f c3
0x0000000075e4b3f0:   51 08 4c 8b 4c 0a 10 4c 8b 54 0a 18 4c 0f c3 49 


Register to memory mapping:

RAX=0x000000000000003c is an unknown value
RBX=0x000000001e59a290 is an unknown value
RCX=0x000000001e7b0640 is an unknown value
RDX=0xfffffffffdf649c0 is an unknown value
RSP=0x000000001bb7ed78 is pointing into the stack for thread: 0x000000001738f000
RBP=0x00000000761dec54 is an unknown value
RSI=0x0000000000080000 is an unknown value
RDI=0x00000000198e4e90 is an unknown value
R8 =0x000000000003f000 is an unknown value
R9 =0x000000001c715000 is an unknown value
R10=0x0000000000b3a000 is an unknown value
R11=0x000000001e76f540 is an unknown value
R12=0x0000000019987d20 is an unknown value
R13=0x000000001c6d3f00 is an unknown value
R14=0x0000000000080000 is an unknown value
R15=0x000000001bb7eee0 is pointing into the stack for thread: 0x000000001738f000


Stack: [0x000000001ba80000,0x000000001bb80000],  sp=0x000000001bb7ed78,  free space=1019k
Native frames: (J=compiled Java code, j=interpreted, Vv=VM code, C=native code)
C  [atio6axx.dll+0x13fb3e0]
C  [atio6axx.dll+0x95b2c6]
C  [atio6axx.dll+0x95b472]
C  [atio6axx.dll+0x91eaf5]
C  [atio6axx.dll+0x8f6e0d]
C  [atio6axx.dll+0xdbc63]
C  [atio6axx.dll+0x56ef13]
C  [lwjgl64.dll+0xc32a]
C  0x0000000002b357f4

Java frames: (J=compiled Java code, j=interpreted, Vv=VM code)
j  org.lwjgl.opengl.GL11.nglTexImage2D(IIIIIIIIJJ)V+0
j  org.lwjgl.opengl.GL11.glTexImage2D(IIIIIIIILjava/nio/ShortBuffer;)V+63
j  OpenGLFeatures.MainRender.loadImage([Ljava/lang/Object;II)V+235
j  OpenGLFeatures.MainRender.startRendering()V+34
j  OpenGLFeatures.TestFrame$8.run()V+10
j  java.lang.Thread.run()V+11
v  ~StubRoutines::call_stub

---------------  P R O C E S S  ---------------

Java Threads: ( => current thread )
  0x000000001c4dc800 JavaThread "QuantumRenderer-0" daemon [_thread_blocked, id=8284, stack(0x000000001fab0000,0x000000001fbb0000)]
  0x000000001c563000 JavaThread "TimerQueue" daemon [_thread_blocked, id=1872, stack(0x0000000019f30000,0x000000001a030000)]
  0x000000001c56c000 JavaThread "LWJGL Timer" daemon [_thread_blocked, id=5128, stack(0x000000001f690000,0x000000001f790000)]
  0x0000000002a14800 JavaThread "DestroyJavaVM" [_thread_blocked, id=7464, stack(0x0000000002910000,0x0000000002a10000)]
=>0x000000001738f000 JavaThread "Thread-3" [_thread_in_native, id=3748, stack(0x000000001ba80000,0x000000001bb80000)]
  0x0000000017338800 JavaThread "D3D Screen Updater" daemon [_thread_blocked, id=2812, stack(0x000000001b380000,0x000000001b480000)]
  0x000000001726b800 JavaThread "Swing-Shell" daemon [_thread_blocked, id=7244, stack(0x000000001a360000,0x000000001a460000)]
  0x0000000017305800 JavaThread "AWT-EventQueue-0" [_thread_blocked, id=2232, stack(0x000000001a060000,0x000000001a160000)]
  0x0000000017248000 JavaThread "AWT-Windows" daemon [_thread_in_native, id=7536, stack(0x0000000017b10000,0x0000000017c10000)]
  0x0000000017247800 JavaThread "AWT-Shutdown" [_thread_blocked, id=5496, stack(0x0000000017a10000,0x0000000017b10000)]
  0x00000000171f7800 JavaThread "Java2D Disposer" daemon [_thread_blocked, id=4208, stack(0x0000000017910000,0x0000000017a10000)]
  0x0000000016830800 JavaThread "Service Thread" daemon [_thread_blocked, id=8260, stack(0x0000000016c00000,0x0000000016d00000)]
  0x0000000014ce4000 JavaThread "C1 CompilerThread2" daemon [_thread_blocked, id=6796, stack(0x0000000016700000,0x0000000016800000)]
  0x0000000014cd6800 JavaThread "C2 CompilerThread1" daemon [_thread_blocked, id=7984, stack(0x0000000016600000,0x0000000016700000)]
  0x0000000014cd4800 JavaThread "C2 CompilerThread0" daemon [_thread_blocked, id=9084, stack(0x0000000016500000,0x0000000016600000)]
  0x0000000014cd0000 JavaThread "Attach Listener" daemon [_thread_blocked, id=8552, stack(0x0000000016400000,0x0000000016500000)]
  0x0000000014ccf000 JavaThread "Signal Dispatcher" daemon [_thread_blocked, id=5904, stack(0x0000000016300000,0x0000000016400000)]
  0x0000000002b0b000 JavaThread "Finalizer" daemon [_thread_blocked, id=7904, stack(0x0000000015f30000,0x0000000016030000)]
  0x0000000002b02000 JavaThread "Reference Handler" daemon [_thread_blocked, id=8856, stack(0x0000000015e30000,0x0000000015f30000)]

Other Threads:
  0x0000000014c97800 VMThread [stack: 0x0000000015d30000,0x0000000015e30000] [id=6312]
  0x00000000168a7800 WatcherThread [stack: 0x0000000016d00000,0x0000000016e00000] [id=3616]

VM state:not at safepoint (normal execution)

VM Mutex/Monitor currently owned by a thread: None

Heap:
 PSYoungGen      total 16896K, used 12071K [0x00000000edb00000, 0x00000000eed80000, 0x0000000100000000)
  eden space 14848K, 67% used [0x00000000edb00000,0x00000000ee4cdd68,0x00000000ee980000)
  from space 2048K, 99% used [0x00000000eeb80000,0x00000000eed7c0d0,0x00000000eed80000)
  to   space 2048K, 0% used [0x00000000ee980000,0x00000000ee980000,0x00000000eeb80000)
 ParOldGen       total 38400K, used 8334K [0x00000000c9000000, 0x00000000cb580000, 0x00000000edb00000)
  object space 38400K, 21% used [0x00000000c9000000,0x00000000c9823980,0x00000000cb580000)
 Metaspace       used 16697K, capacity 17069K, committed 17408K, reserved 1064960K
  class space    used 2137K, capacity 2270K, committed 2304K, reserved 1048576K

Card table byte_map: [0x0000000011ee0000,0x00000000120a0000] byte_map_base: 0x0000000011898000

Marking Bits: (ParMarkBitMap*) 0x0000000076c70600
 Begin Bits: [0x00000000125d0000, 0x0000000013390000)
 End Bits:   [0x0000000013390000, 0x0000000014150000)

Polling page: 0x00000000027d0000

CodeCache: size=245760Kb used=5575Kb max_used=5590Kb free=240184Kb
 bounds [0x0000000002b20000, 0x00000000030a0000, 0x0000000011b20000]
 total_blobs=2335 nmethods=1690 adapters=558
 compilation: enabled

Compilation events (10 events):
Event: 14.776 Thread 0x0000000014ce4000 1702       3       java.awt.Container::invalidateParent (18 bytes)
Event: 14.778 Thread 0x0000000014ce4000 nmethod 1702 0x0000000002c21a10 code [0x0000000002c21ba0, 0x0000000002c220e8]
Event: 14.784 Thread 0x0000000014cd4800 1703 %     4       OpenGLFeatures.MainRender::loadImage @ 99 (283 bytes)
Event: 14.793 Thread 0x0000000014ce4000 1704       3       java.util.LinkedList$ListItr::checkForComodification (23 bytes)
Event: 14.794 Thread 0x0000000014ce4000 nmethod 1704 0x0000000002c3c950 code [0x0000000002c3cac0, 0x0000000002c3cce8]
Event: 14.798 Thread 0x0000000014cd6800 nmethod 1701% 0x0000000003095ad0 code [0x0000000003095c20, 0x0000000003096178]
Event: 14.798 Thread 0x0000000014ce4000 1705       1       java.awt.AWTEvent::isConsumed (5 bytes)
Event: 14.799 Thread 0x0000000014ce4000 nmethod 1705 0x0000000002c2ce50 code [0x0000000002c2cfa0, 0x0000000002c2d0b0]
Event: 14.804 Thread 0x0000000014cd4800 nmethod 1703% 0x0000000002c34450 code [0x0000000002c345a0, 0x0000000002c348f8]
Event: 14.805 Thread 0x0000000014cd6800 1706       4       OpenGLFeatures.MainRender::loadImage (283 bytes)

GC Heap History (4 events):
Event: 6.374 GC heap before
{Heap before GC invocations=1 (full 0):
 PSYoungGen      total 16896K, used 14848K [0x00000000edb00000, 0x00000000eed80000, 0x0000000100000000)
  eden space 14848K, 100% used [0x00000000edb00000,0x00000000ee980000,0x00000000ee980000)
  from space 2048K, 0% used [0x00000000eeb80000,0x00000000eeb80000,0x00000000eed80000)
  to   space 2048K, 0% used [0x00000000ee980000,0x00000000ee980000,0x00000000eeb80000)
 ParOldGen       total 38400K, used 0K [0x00000000c9000000, 0x00000000cb580000, 0x00000000edb00000)
  object space 38400K, 0% used [0x00000000c9000000,0x00000000c9000000,0x00000000cb580000)
 Metaspace       used 13480K, capacity 13669K, committed 13952K, reserved 1060864K
  class space    used 1755K, capacity 1812K, committed 1920K, reserved 1048576K
Event: 6.390 GC heap after
Heap after GC invocations=1 (full 0):
 PSYoungGen      total 16896K, used 2032K [0x00000000edb00000, 0x00000000eed80000, 0x0000000100000000)
  eden space 14848K, 0% used [0x00000000edb00000,0x00000000edb00000,0x00000000ee980000)
  from space 2048K, 99% used [0x00000000ee980000,0x00000000eeb7c010,0x00000000eeb80000)
  to   space 2048K, 0% used [0x00000000eeb80000,0x00000000eeb80000,0x00000000eed80000)
 ParOldGen       total 38400K, used 1133K [0x00000000c9000000, 0x00000000cb580000, 0x00000000edb00000)
  object space 38400K, 2% used [0x00000000c9000000,0x00000000c911b560,0x00000000cb580000)
 Metaspace       used 13480K, capacity 13669K, committed 13952K, reserved 1060864K
  class space    used 1755K, capacity 1812K, committed 1920K, reserved 1048576K
}
Event: 14.301 GC heap before
{Heap before GC invocations=2 (full 0):
 PSYoungGen      total 16896K, used 16880K [0x00000000edb00000, 0x00000000eed80000, 0x0000000100000000)
  eden space 14848K, 100% used [0x00000000edb00000,0x00000000ee980000,0x00000000ee980000)
  from space 2048K, 99% used [0x00000000ee980000,0x00000000eeb7c010,0x00000000eeb80000)
  to   space 2048K, 0% used [0x00000000eeb80000,0x00000000eeb80000,0x00000000eed80000)
 ParOldGen       total 38400K, used 1133K [0x00000000c9000000, 0x00000000cb580000, 0x00000000edb00000)
  object space 38400K, 2% used [0x00000000c9000000,0x00000000c911b560,0x00000000cb580000)
 Metaspace       used 15541K, capacity 15829K, committed 15872K, reserved 1062912K
  class space    used 1956K, capacity 2039K, committed 2048K, reserved 1048576K
Event: 14.342 GC heap after
Heap after GC invocations=2 (full 0):
 PSYoungGen      total 16896K, used 2032K [0x00000000edb00000, 0x00000000eed80000, 0x0000000100000000)
  eden space 14848K, 0% used [0x00000000edb00000,0x00000000edb00000,0x00000000ee980000)
  from space 2048K, 99% used [0x00000000eeb80000,0x00000000eed7c0d0,0x00000000eed80000)
  to   space 2048K, 0% used [0x00000000ee980000,0x00000000ee980000,0x00000000eeb80000)
 ParOldGen       total 38400K, used 8334K [0x00000000c9000000, 0x00000000cb580000, 0x00000000edb00000)
  object space 38400K, 21% used [0x00000000c9000000,0x00000000c9823980,0x00000000cb580000)
 Metaspace       used 15541K, capacity 15829K, committed 15872K, reserved 1062912K
  class space    used 1956K, capacity 2039K, committed 2048K, reserved 1048576K
}

Deoptimization events (7 events):
Event: 0.461 Thread 0x0000000002a14800 Uncommon trap: reason=unstable_if action=reinterpret pc=0x0000000002c324b8 method=java.lang.String.hashCode()I @ 14
Event: 2.010 Thread 0x0000000002a14800 Uncommon trap: reason=unstable_if action=reinterpret pc=0x0000000002c49f80 method=java.lang.CharacterData.of(I)Ljava/lang/CharacterData; @ 4
Event: 6.353 Thread 0x0000000017305800 Uncommon trap: reason=class_check action=maybe_recompile pc=0x0000000002cbcee8 method=java.lang.String.equals(Ljava/lang/Object;)Z @ 8
Event: 6.394 Thread 0x0000000017305800 Uncommon trap: reason=class_check action=maybe_recompile pc=0x0000000002cbcee8 method=java.lang.String.equals(Ljava/lang/Object;)Z @ 8
Event: 6.395 Thread 0x0000000017305800 Uncommon trap: reason=class_check action=maybe_recompile pc=0x0000000002cbcee8 method=java.lang.String.equals(Ljava/lang/Object;)Z @ 8
Event: 6.395 Thread 0x0000000017305800 Uncommon trap: reason=class_check action=maybe_recompile pc=0x0000000002cbcee8 method=java.lang.String.equals(Ljava/lang/Object;)Z @ 8
Event: 14.805 Thread 0x000000001738f000 Uncommon trap: reason=unstable_if action=reinterpret pc=0x0000000002c347fc method=OpenGLFeatures.MainRender.loadImage([Ljava/lang/Object;II)V @ 134

Internal exceptions (10 events):
Event: 0.127 Thread 0x0000000002a14800 Exception <a 'java/lang/NoSuchMethodError': Method sun.misc.Unsafe.defineClass(Ljava/lang/String;[BII)Ljava/lang/Class; name or signature does not match> (0x00000000edb12d80) thrown at [D:\re\puppet\workspace\8-2-build-windows-amd64-cygwin\jdk8u73\6086\hotrx„Ê‘?À?
Event: 0.127 Thread 0x0000000002a14800 Exception <a 'java/lang/NoSuchMethodError': Method sun.misc.Unsafe.prefetchRead(Ljava/lang/Object;J)V name or signature does not match> (0x00000000edb13068) thrown at [D:\re\puppet\workspace\8-2-build-windows-amd64-cygwin\jdk8u73\6086\hotspot\src\share\vm\Íûïø±\à?
Event: 0.511 Thread 0x0000000002a14800 Exception <a 'java/security/PrivilegedActionException'> (0x00000000edc82cb0) thrown at [D:\re\puppet\workspace\8-2-build-windows-amd64-cygwin\jdk8u73\6086\hotspot\src\share\vm\prims\jvm.cpp, line 1386]
Event: 0.511 Thread 0x0000000002a14800 Exception <a 'java/security/PrivilegedActionException'> (0x00000000edc82ec0) thrown at [D:\re\puppet\workspace\8-2-build-windows-amd64-cygwin\jdk8u73\6086\hotspot\src\share\vm\prims\jvm.cpp, line 1386]
Event: 0.514 Thread 0x0000000002a14800 Exception <a 'java/security/PrivilegedActionException'> (0x00000000edc86a68) thrown at [D:\re\puppet\workspace\8-2-build-windows-amd64-cygwin\jdk8u73\6086\hotspot\src\share\vm\prims\jvm.cpp, line 1386]
Event: 0.514 Thread 0x0000000002a14800 Exception <a 'java/security/PrivilegedActionException'> (0x00000000edc86c78) thrown at [D:\re\puppet\workspace\8-2-build-windows-amd64-cygwin\jdk8u73\6086\hotspot\src\share\vm\prims\jvm.cpp, line 1386]
Event: 0.694 Thread 0x0000000002a14800 Exception <a 'java/io/FileNotFoundException'> (0x00000000edd69c58) thrown at [D:\re\puppet\workspace\8-2-build-windows-amd64-cygwin\jdk8u73\6086\hotspot\src\share\vm\prims\jni.cpp, line 709]
Event: 0.855 Thread 0x0000000002a14800 Exception <a 'java/lang/NoSuchFieldError': method resolution failed> (0x00000000ede37698) thrown at [D:\re\puppet\workspace\8-2-build-windows-amd64-cygwin\jdk8u73\6086\hotspot\src\share\vm\prims\methodHandles.cpp, line 1146]
Event: 0.863 Thread 0x0000000002a14800 Exception <a 'java/lang/NoSuchFieldError': method resolution failed> (0x00000000ede44a68) thrown at [D:\re\puppet\workspace\8-2-build-windows-amd64-cygwin\jdk8u73\6086\hotspot\src\share\vm\prims\methodHandles.cpp, line 1146]
Event: 1.030 Thread 0x0000000002a14800 Exception <a 'java/io/FileNotFoundException'> (0x00000000ededbaa0) thrown at [D:\re\puppet\workspace\8-2-build-windows-amd64-cygwin\jdk8u73\6086\hotspot\src\share\vm\prims\jni.cpp, line 709]

Events (10 events):
Event: 14.741 Thread 0x0000000014ce4000 flushing nmethod 0x0000000002c78950
Event: 14.742 loading class com/sun/javafx/image/impl/BaseIntToByteConverter
Event: 14.742 loading class com/sun/javafx/image/impl/BaseIntToByteConverter done
Event: 14.805 Thread 0x000000001738f000 DEOPT PACKING pc=0x0000000002fe0b28 sp=0x000000001bb7f310
Event: 14.805 Thread 0x000000001738f000 DEOPT UNPACKING pc=0x0000000002b6747f sp=0x000000001bb7f238 mode 0
Event: 14.805 Thread 0x000000001738f000 Uncommon trap: trap_request=0xffffff65 fr.pc=0x0000000002c347fc
Event: 14.805 Thread 0x000000001738f000 DEOPT PACKING pc=0x0000000002c347fc sp=0x000000001bb7f510
Event: 14.805 Thread 0x000000001738f000 DEOPT UNPACKING pc=0x0000000002b6582a sp=0x000000001bb7f4c8 mode 2
Event: 14.805 loading class java/nio/DirectShortBufferU
Event: 14.806 loading class java/nio/DirectShortBufferU done


Dynamic libraries:
0x00007ff714020000 - 0x00007ff714057000 	C:\Program Files\Java\jre1.8.0_73\bin\javaw.exe
0x00007ff8fc990000 - 0x00007ff8fcb3d000 	C:\WINDOWS\SYSTEM32\ntdll.dll
0x00007ff8fb010000 - 0x00007ff8fb14e000 	C:\WINDOWS\system32\KERNEL32.DLL
0x00007ff8f9bb0000 - 0x00007ff8f9cc5000 	C:\WINDOWS\system32\KERNELBASE.dll
0x00007ff8f8680000 - 0x00007ff8f870e000 	C:\WINDOWS\system32\apphelp.dll
0x00007ff8d0d00000 - 0x00007ff8d0d53000 	C:\WINDOWS\AppPatch\AppPatch64\AcGenral.DLL
0x00007ff8fb3b0000 - 0x00007ff8fb45a000 	C:\WINDOWS\system32\msvcrt.dll
0x00007ff8f9910000 - 0x00007ff8f993e000 	C:\WINDOWS\SYSTEM32\SspiCli.dll
0x00007ff8fafa0000 - 0x00007ff8faff4000 	C:\WINDOWS\system32\SHLWAPI.dll
0x00007ff8fa460000 - 0x00007ff8fa5d7000 	C:\WINDOWS\system32\USER32.dll
0x00007ff8faba0000 - 0x00007ff8fad34000 	C:\WINDOWS\system32\ole32.dll
0x00007ff8fb460000 - 0x00007ff8fc98a000 	C:\WINDOWS\system32\SHELL32.dll
0x00007ff8f90a0000 - 0x00007ff8f90c1000 	C:\WINDOWS\SYSTEM32\USERENV.dll
0x00007ff8fad40000 - 0x00007ff8fadea000 	C:\WINDOWS\system32\ADVAPI32.dll
0x00007ff8f2550000 - 0x00007ff8f256e000 	C:\WINDOWS\SYSTEM32\MPR.dll
0x00007ff8fa6a0000 - 0x00007ff8fa7e1000 	C:\WINDOWS\system32\RPCRT4.dll
0x00007ff8fb150000 - 0x00007ff8fb1a9000 	C:\WINDOWS\SYSTEM32\sechost.dll
0x00007ff8fa010000 - 0x00007ff8fa221000 	C:\WINDOWS\SYSTEM32\combase.dll
0x00007ff8fa230000 - 0x00007ff8fa380000 	C:\WINDOWS\system32\GDI32.dll
0x00007ff8f9ae0000 - 0x00007ff8f9af5000 	C:\WINDOWS\SYSTEM32\profapi.dll
0x00007ff8f8030000 - 0x00007ff8f80e2000 	C:\WINDOWS\SYSTEM32\SHCORE.dll
0x00007ff8fb350000 - 0x00007ff8fb386000 	C:\WINDOWS\system32\IMM32.DLL
0x00007ff8faa40000 - 0x00007ff8fab92000 	C:\WINDOWS\system32\MSCTF.dll
0x00007ff8f75b0000 - 0x00007ff8f782b000 	C:\WINDOWS\WinSxS\amd64_microsoft.windows.common-controls_6595b64144ccf1df_6.0.9600.18006_none_623f33d3ecbe86e8\COMCTL32.dll
0x0000000050b40000 - 0x0000000050c12000 	C:\Program Files\Java\jre1.8.0_73\bin\msvcr100.dll
0x0000000076460000 - 0x0000000076cf0000 	C:\Program Files\Java\jre1.8.0_73\bin\server\jvm.dll
0x00007ff8e4860000 - 0x00007ff8e4869000 	C:\WINDOWS\SYSTEM32\WSOCK32.dll
0x00007ff8f2520000 - 0x00007ff8f2542000 	C:\WINDOWS\SYSTEM32\WINMM.dll
0x00007ff8f7830000 - 0x00007ff8f783a000 	C:\WINDOWS\SYSTEM32\VERSION.dll
0x00007ff8fb1c0000 - 0x00007ff8fb1c7000 	C:\WINDOWS\system32\PSAPI.DLL
0x00007ff8fa640000 - 0x00007ff8fa69a000 	C:\WINDOWS\system32\WS2_32.dll
0x00007ff8f24d0000 - 0x00007ff8f24fa000 	C:\WINDOWS\SYSTEM32\WINMMBASE.dll
0x00007ff8fa380000 - 0x00007ff8fa389000 	C:\WINDOWS\system32\NSI.dll
0x00007ff8f9cd0000 - 0x00007ff8f9d1f000 	C:\WINDOWS\SYSTEM32\cfgmgr32.dll
0x00007ff8f88e0000 - 0x00007ff8f8908000 	C:\WINDOWS\SYSTEM32\DEVOBJ.dll
0x0000000050960000 - 0x000000005096f000 	C:\Program Files\Java\jre1.8.0_73\bin\verify.dll
0x0000000050930000 - 0x0000000050959000 	C:\Program Files\Java\jre1.8.0_73\bin\java.dll
0x0000000050910000 - 0x0000000050926000 	C:\Program Files\Java\jre1.8.0_73\bin\zip.dll
0x00000000509a0000 - 0x0000000050b38000 	C:\Program Files\Java\jre1.8.0_73\bin\awt.dll
0x00007ff8fa390000 - 0x00007ff8fa451000 	C:\WINDOWS\system32\OLEAUT32.dll
0x00007ff8f7e30000 - 0x00007ff8f7e51000 	C:\WINDOWS\system32\DWMAPI.DLL
0x00007ff8f8760000 - 0x00007ff8f8889000 	C:\WINDOWS\system32\uxtheme.dll
0x00007ff8f8710000 - 0x00007ff8f871b000 	C:\WINDOWS\SYSTEM32\kernel.appcore.dll
0x00007ff8f9a70000 - 0x00007ff8f9a7b000 	C:\WINDOWS\SYSTEM32\CRYPTBASE.dll
0x00007ff8f9940000 - 0x00007ff8f99a3000 	C:\WINDOWS\SYSTEM32\bcryptPrimitives.dll
0x00007ff8e0720000 - 0x00007ff8e0941000 	C:\WINDOWS\system32\d3d9.dll
0x00007ff8f7840000 - 0x00007ff8f7983000 	C:\WINDOWS\SYSTEM32\aticfx64.dll
0x00007ff8d97f0000 - 0x00007ff8d9810000 	C:\WINDOWS\SYSTEM32\atiu9p64.dll
0x00007ff8d2b30000 - 0x00007ff8d3295000 	C:\WINDOWS\SYSTEM32\atiumd64.dll
0x0000000050f50000 - 0x0000000051855000 	C:\WINDOWS\SYSTEM32\atiumd6a.dll
0x00007ff8f02b0000 - 0x00007ff8f0354000 	C:\WINDOWS\WinSxS\amd64_microsoft.windows.common-controls_6595b64144ccf1df_5.82.9600.17810_none_34ae2abd958aedeb\comctl32.dll
0x0000000050850000 - 0x0000000050897000 	C:\Program Files\Java\jre1.8.0_73\bin\fontmanager.dll
0x00000000508f0000 - 0x000000005090a000 	C:\Program Files\Java\jre1.8.0_73\bin\net.dll
0x00007ff8f9310000 - 0x00007ff8f9369000 	C:\WINDOWS\system32\mswsock.dll
0x00000000508d0000 - 0x00000000508e1000 	C:\Program Files\Java\jre1.8.0_73\bin\nio.dll
0x0000000050800000 - 0x0000000050842000 	C:\Program Files\Java\jre1.8.0_73\bin\t2k.dll
0x00007ff8fb1d0000 - 0x00007ff8fb286000 	C:\WINDOWS\SYSTEM32\clbcatq.dll
0x00007ff8f5830000 - 0x00007ff8f59af000 	C:\WINDOWS\SYSTEM32\PROPSYS.dll
0x00007ff8ea210000 - 0x00007ff8ea3ad000 	C:\WINDOWS\system32\NetworkExplorer.dll
0x00007ff8fa860000 - 0x00007ff8faa3a000 	C:\WINDOWS\system32\SETUPAPI.dll
0x00007ff8dd770000 - 0x00007ff8dd77b000 	C:\WINDOWS\System32\drprov.dll
0x00007ff8f8df0000 - 0x00007ff8f8e4a000 	C:\WINDOWS\System32\WINSTA.dll
0x00007ff8dcae0000 - 0x00007ff8dcaf7000 	C:\WINDOWS\System32\ntlanman.dll
0x00007ff8dc9d0000 - 0x00007ff8dc9ef000 	C:\WINDOWS\System32\davclnt.dll
0x00007ff8dc9c0000 - 0x00007ff8dc9cc000 	C:\WINDOWS\System32\DAVHLPR.dll
0x00007ff8f56f0000 - 0x00007ff8f5707000 	C:\WINDOWS\System32\wkscli.dll
0x00007ff8f59c0000 - 0x00007ff8f59d2000 	C:\WINDOWS\SYSTEM32\cscapi.dll
0x00007ff8f8e60000 - 0x00007ff8f8e6c000 	C:\WINDOWS\System32\netutils.dll
0x00007ff8da370000 - 0x00007ff8da3eb000 	C:\Windows\System32\dlnashext.dll
0x00007ff8da2d0000 - 0x00007ff8da31e000 	C:\Windows\System32\PlayToDevice.dll
0x00007ff8f9370000 - 0x00007ff8f9390000 	C:\WINDOWS\SYSTEM32\CRYPTSP.dll
0x00007ff8f8fb0000 - 0x00007ff8f8fe6000 	C:\WINDOWS\system32\rsaenh.dll
0x00007ff8f9600000 - 0x00007ff8f9626000 	C:\WINDOWS\SYSTEM32\bcrypt.dll
0x00007ff8dae80000 - 0x00007ff8dae9e000 	C:\Windows\System32\DevDispItemProvider.dll
0x00007ff8da0d0000 - 0x00007ff8da2cd000 	C:\WINDOWS\system32\wpdshext.dll
0x00007ff8f2bd0000 - 0x00007ff8f2d80000 	C:\WINDOWS\WinSxS\amd64_microsoft.windows.gdiplus_6595b64144ccf1df_1.1.9600.18123_none_932c6b81474ee6d2\gdiplus.dll
0x00007ff8e1430000 - 0x00007ff8e14e4000 	C:\Windows\System32\PortableDeviceApi.dll
0x00007ff8f9fb0000 - 0x00007ff8fa001000 	C:\WINDOWS\system32\WINTRUST.dll
0x00007ff8f9dd0000 - 0x00007ff8f9faf000 	C:\WINDOWS\system32\CRYPT32.dll
0x00007ff8f9b90000 - 0x00007ff8f9ba1000 	C:\WINDOWS\system32\MSASN1.dll
0x00007ff8e9f10000 - 0x00007ff8e9f47000 	C:\Windows\System32\EhStorShell.dll
0x00007ff8da0a0000 - 0x00007ff8da0c6000 	C:\Windows\System32\EhStorAPI.dll
0x00007ff8f8660000 - 0x00007ff8f8672000 	C:\Windows\System32\WTSAPI32.dll
0x00007ff8f01f0000 - 0x00007ff8f01fd000 	C:\WINDOWS\SYSTEM32\LINKINFO.dll
0x0000000180000000 - 0x0000000180053000 	C:\Users\user\Downloads\lwjgl-2.9.3\native\windows\lwjgl64.dll
0x00007ff8ea7e0000 - 0x00007ff8ea90b000 	C:\WINDOWS\SYSTEM32\OPENGL32.dll
0x00007ff8f2a70000 - 0x00007ff8f2a9e000 	C:\WINDOWS\SYSTEM32\GLU32.dll
0x00007ff8ea410000 - 0x00007ff8ea508000 	C:\WINDOWS\SYSTEM32\DDRAW.dll
0x00007ff8f61b0000 - 0x00007ff8f61b9000 	C:\WINDOWS\SYSTEM32\DCIMAN32.dll
0x0000000050990000 - 0x0000000050997000 	C:\Program Files\Java\jre1.8.0_73\bin\jawt.dll
0x00007ff8dca50000 - 0x00007ff8dca68000 	C:\WINDOWS\SYSTEM32\atig6pxx.dll
0x0000000074a50000 - 0x000000007645a000 	C:\WINDOWS\SYSTEM32\atio6axx.dll
0x00007ff8f4ff0000 - 0x00007ff8f5118000 	C:\WINDOWS\SYSTEM32\atiadlxx.dll
0x00007ff8f4fc0000 - 0x00007ff8f4fea000 	C:\WINDOWS\SYSTEM32\IPHLPAPI.DLL
0x00007ff8f4fb0000 - 0x00007ff8f4fba000 	C:\WINDOWS\SYSTEM32\WINNSI.DLL
0x00007ff8f5810000 - 0x00007ff8f582e000 	C:\WINDOWS\SYSTEM32\atig6txx.dll
0x00007ff8f7c80000 - 0x00007ff8f7e2e000 	C:\WINDOWS\SYSTEM32\WindowsCodecs.dll
0x00007ff8d1d60000 - 0x00007ff8d1e4f000 	C:\Program Files\Java\jre1.8.0_73\bin\msvcr120.dll
0x00007ff8d0f80000 - 0x00007ff8d1026000 	C:\Program Files\Java\jre1.8.0_73\bin\msvcp120.dll
0x00000000507d0000 - 0x00000000507f3000 	C:\Program Files\Java\jre1.8.0_73\bin\prism_d3d.dll
0x00007ff8ea510000 - 0x00007ff8ea699000 	C:\WINDOWS\SYSTEM32\dbghelp.dll

VM Arguments:
jvm_args: -Djava.library.path=C:\Users\user\Downloads\lwjgl-2.9.3\native\windows -Dfile.encoding=Cp1251 
java_command: OpenGLFeatures.TestFrame
java_class_path (initial): C:\Users\user\workspace2\Recent\bin;C:\Users\user\Downloads\dcm4che-3.3.7-bin\dcm4che-3.3.7\lib\clibwrapper_jiio-1.2-pre-dr-b04.jar;C:\Users\user\Downloads\dcm4che-3.3.7-bin\dcm4che-3.3.7\lib\commons-cli-1.2.jar;C:\Users\user\Downloads\dcm4che-3.3.7-bin\dcm4che-3.3.7\lib\dcm4che-audit-3.3.7.jar;C:\Users\user\Downloads\dcm4che-3.3.7-bin\dcm4che-3.3.7\lib\dcm4che-conf-api-3.3.7.jar;C:\Users\user\Downloads\dcm4che-3.3.7-bin\dcm4che-3.3.7\lib\dcm4che-conf-core-3.3.7.jar;C:\Users\user\Downloads\dcm4che-3.3.7-bin\dcm4che-3.3.7\lib\dcm4che-conf-core-api-3.3.7.jar;C:\Users\user\Downloads\dcm4che-3.3.7-bin\dcm4che-3.3.7\lib\dcm4che-conf-dicom-3.3.7.jar;C:\Users\user\Downloads\dcm4che-3.3.7-bin\dcm4che-3.3.7\lib\dcm4che-core-3.3.7.jar;C:\Users\user\Downloads\dcm4che-3.3.7-bin\dcm4che-3.3.7\lib\dcm4che-emf-3.3.7.jar;C:\Users\user\Downloads\dcm4che-3.3.7-bin\dcm4che-3.3.7\lib\dcm4che-filecache-3.3.7.jar;C:\Users\user\Downloads\dcm4che-3.3.7-bin\dcm4che-3.3.7\lib\dcm4che-hl7-3.3.7.jar;C:\Users\user\Downloads\dcm4che-3.3.7-bin\dcm4che-3.3.7\lib\dcm4che-image-3.3.7.jar;C:\Users\user\Downloads\dcm4che-3.3.7-bin\dcm4che-3.3.7\lib\dcm4che-imageio-3.3.7.jar;C:\Users\user\Downloads\dcm4che-3.3.7-bin\dcm4che-3.3.7\lib\dcm4che-imageio-rle-3.3.7.jar;C:\Users\user\Downloads\dcm4che-3.3.7-bin\dcm4che-3.3.7\lib\dcm4che-json-3.3.7.jar;C:\Users\user\Downloads\dcm4che-3.3.7-bin\dcm4che-3.3.7\lib\dcm4che-mime-3.3.7.jar;C:\Users\user\Downloads\dcm4che-3.3.7-bin\dcm4che-3.3.7\lib\dcm4che-net-3.3.7.jar;C:\Users\user\Downloads\dcm4che-3.3.7-bin\dcm4che-3.3.7\lib\dcm4che-net-audit-3.3.7.jar;C:\Users\user\Downloads\dcm4che-3.3.7-bin\dcm4che-3.3.7\lib\dcm4che-net-hl7-3.3.7.jar;C:\Users\user\Downloads\dcm4che-3.3.7-bin\dcm4che-3.3.7\lib\dcm4che-soundex-3.3.7.jar;C:\Users\user\Downloads\dcm4che-3.3.7-bin\dcm4che-3.3.7\lib\dcm4che-tool-common-3.3.7.jar;C:\Users\user\Downloads\dcm4che-3.3.7-bin\dcm4che-3.3.7\lib\dcm4che-tool-dcm2dcm-3.3.7.jar;C:\Users\user\Downloads\dcm4che-3.3
Launcher Type: SUN_STANDARD

Environment Variables:
JAVA_HOME=C:\Program Files\Java\jdk1.8.0_65
PATH=C:/Program Files/Java/jre1.8.0_73/bin/server;C:/Program Files/Java/jre1.8.0_73/bin;C:/Program Files/Java/jre1.8.0_73/lib/amd64;C:\Program Files (x86)\IntelSWTools\Trace Analyzer and Collector\9.1.2.024\bin;C:\Program Files (x86)\IntelSWTools\compilers_and_libraries_2016.1.146\windows\mpi\intel64\bin;C:\Program Files (x86)\Common Files\Intel\Shared Libraries\redist\intel64_win\mpirt;C:\Program Files (x86)\Common Files\Intel\Shared Libraries\redist\ia32_win\mpirt;C:\Program Files (x86)\Common Files\Intel\Shared Libraries\redist\intel64_win\compiler;C:\Program Files (x86)\Common Files\Intel\Shared Libraries\redist\ia32_win\compiler;C:\Program Files (x86)\NVIDIA Corporation\PhysX\Common;C:\ProgramData\Oracle\Java\javapath;C:\Program Files (x86)\Lenovo\FusionEngine;C:\WINDOWS\system32;C:\WINDOWS;C:\WINDOWS\System32\Wbem;C:\WINDOWS\System32\WindowsPowerShell\v1.0\;C:\Program Files (x86)\ATI Technologies\ATI.ACE\Core-Static;C:\Program Files (x86)\Common Files\lenovo\easyplussdk\bin;C:\Program Files\Microsoft SQL Server\110\Tools\Binn\;C:\Program Files\MATLAB\R2015b\bin;C:\Program Files\Git\cmd;C:\Program Files (x86)\IntelSWTools\Trace Analyzer and Collector\9.1.2.024\dll;C:\Users\user\Downloads\eclipse-SDK-4.5.2-win32-x86_64\eclipse;
USERNAME=user
OS=Windows_NT
PROCESSOR_IDENTIFIER=AMD64 Family 22 Model 48 Stepping 1, AuthenticAMD



---------------  S Y S T E M  ---------------

OS: Windows 8.1 , 64 bit Build 9600 (6.3.9600.17415)

CPU:total 4 (4 cores per cpu, 1 threads per core) family 22 model 48 stepping 1, cmov, cx8, fxsr, mmx, sse, sse2, sse3, ssse3, sse4.1, sse4.2, popcnt, avx, aes, clmul, mmxext, 3dnowpref, lzcnt, sse4a, tsc, tscinvbit, tscinv, bmi1

Memory: 4k page, physical 3599348k(623664k free), swap 8696364k(2634624k free)

vm_info: Java HotSpot(TM) 64-Bit Server VM (25.73-b02) for windows-amd64 JRE (1.8.0_73-b02), built on Jan 29 2016 17:38:49 by "java_re" with MS VC++ 10.0 (VS2010)

time: Sun Sep 25 16:51:24 2016
elapsed time: 15 seconds (0d 0h 0m 15s)

